<?xml version="1.0" encoding="UTF-8"?>
<!-- Generated by org.testng.reporters.JUnitReportReporter -->
<testsuite hostname="LAPTOP-8PRPSTL1" failures="0" tests="1" name="Trigger" time="0.091" errors="0" timestamp="2022-10-28T15:45:30 EET" skipped="0">
  <testcase classname="Trigger" name="test" time="0.091"/>
  <system-out/>
</testsuite> <!-- Trigger -->
